This is pdfTeX, Version 3.1415926-2.4-1.40.13 (MiKTeX 2.9) (preloaded format=pdflatex 2013.5.1)  26 JUN 2013 01:02
entering extended mode
**principal.tex
(C:\Users\Victor\Dropbox\TCC\Texto\Latex\principal.tex
LaTeX2e <2011/06/27>
Babel <v3.8m> and hyphenation patterns for english, afrikaans, ancientgreek, ar
abic, armenian, assamese, basque, bengali, bokmal, bulgarian, catalan, coptic, 
croatian, czech, danish, dutch, esperanto, estonian, farsi, finnish, french, ga
lician, german, german-x-2012-05-30, greek, gujarati, hindi, hungarian, iceland
ic, indonesian, interlingua, irish, italian, kannada, kurmanji, latin, latvian,
 lithuanian, malayalam, marathi, mongolian, mongolianlmc, monogreek, ngerman, n
german-x-2012-05-30, nynorsk, oriya, panjabi, pinyin, polish, portuguese, roman
ian, russian, sanskrit, serbian, slovak, slovenian, spanish, swedish, swissgerm
an, tamil, telugu, turkish, turkmen, ukenglish, ukrainian, uppersorbian, usengl
ishmax, welsh, loaded.
("C:\Program Files\MiKTeX 2.9\tex\latex\base\book.cls"
Document Class: book 2007/10/19 v1.4h Standard LaTeX document class
("C:\Program Files\MiKTeX 2.9\tex\latex\base\bk12.clo"
File: bk12.clo 2007/10/19 v1.4h Standard LaTeX file (size option)
)
\c@part=\count79
\c@chapter=\count80
\c@section=\count81
\c@subsection=\count82
\c@subsubsection=\count83
\c@paragraph=\count84
\c@subparagraph=\count85
\c@figure=\count86
\c@table=\count87
\abovecaptionskip=\skip41
\belowcaptionskip=\skip42
\bibindent=\dimen102
)
("C:\Program Files\MiKTeX 2.9\tex\latex\epigraph\epigraph.sty"
Package: epigraph 2009/09/02 v1.5c typesetting epigraphs
\beforeepigraphskip=\skip43
\afterepigraphskip=\skip44
\epigraphwidth=\skip45
\epigraphrule=\skip46
)
("C:\Program Files\MiKTeX 2.9\tex\latex\setspace\setspace.sty"
Package: setspace 2011/12/19 v6.7a set line spacing
)
("C:\Program Files\MiKTeX 2.9\tex\latex\base\inputenc.sty"
Package: inputenc 2008/03/30 v1.1d Input encoding file
\inpenc@prehook=\toks14
\inpenc@posthook=\toks15

("C:\Program Files\MiKTeX 2.9\tex\latex\base\latin1.def"
File: latin1.def 2008/03/30 v1.1d Input encoding file
))
("C:\Program Files\MiKTeX 2.9\tex\latex\ae\ae.sty"
Package: ae 2001/02/12 1.3 Almost European Computer Modern

("C:\Program Files\MiKTeX 2.9\tex\latex\base\fontenc.sty"
Package: fontenc 2005/09/27 v1.99g Standard LaTeX package

("C:\Program Files\MiKTeX 2.9\tex\latex\base\t1enc.def"
File: t1enc.def 2005/09/27 v1.99g Standard LaTeX file
LaTeX Font Info:    Redeclaring font encoding T1 on input line 43.
)
LaTeX Font Info:    Try loading font information for T1+aer on input line 100.

("C:\Program Files\MiKTeX 2.9\tex\latex\ae\t1aer.fd"
File: t1aer.fd 1997/11/16 Font definitions for T1/aer.
)))
("C:\Program Files\MiKTeX 2.9\tex\latex\pslatex\pslatex.sty"
Package: pslatex 1996/07/24 v1.2 pslatex emulation (DPC)
LaTeX Font Info:    Redeclaring symbol font `operators' on input line 65.
LaTeX Font Info:    Overwriting symbol font `operators' in version `normal'
(Font)                  OT1/cmr/m/n --> OT1/ptmcm/m/n on input line 65.
LaTeX Font Info:    Overwriting symbol font `operators' in version `bold'
(Font)                  OT1/cmr/bx/n --> OT1/ptmcm/m/n on input line 65.
LaTeX Font Info:    Redeclaring symbol font `letters' on input line 66.
LaTeX Font Info:    Overwriting symbol font `letters' in version `normal'
(Font)                  OML/cmm/m/it --> OML/ptmcm/m/it on input line 66.
LaTeX Font Info:    Overwriting symbol font `letters' in version `bold'
(Font)                  OML/cmm/b/it --> OML/ptmcm/m/it on input line 66.
LaTeX Font Info:    Redeclaring symbol font `symbols' on input line 67.
LaTeX Font Info:    Overwriting symbol font `symbols' in version `normal'
(Font)                  OMS/cmsy/m/n --> OMS/pzccm/m/n on input line 67.
LaTeX Font Info:    Overwriting symbol font `symbols' in version `bold'
(Font)                  OMS/cmsy/b/n --> OMS/pzccm/m/n on input line 67.
LaTeX Font Info:    Redeclaring symbol font `largesymbols' on input line 68.
LaTeX Font Info:    Overwriting symbol font `largesymbols' in version `normal'
(Font)                  OMX/cmex/m/n --> OMX/psycm/m/n on input line 68.
LaTeX Font Info:    Overwriting symbol font `largesymbols' in version `bold'
(Font)                  OMX/cmex/m/n --> OMX/psycm/m/n on input line 68.
\symbold=\mathgroup4
\symitalic=\mathgroup5
LaTeX Font Info:    Redeclaring math alphabet \mathbf on input line 74.
LaTeX Font Info:    Overwriting math alphabet `\mathbf' in version `normal'
(Font)                  OT1/cmr/bx/n --> OT1/ptm/bx/n on input line 74.
LaTeX Font Info:    Overwriting math alphabet `\mathbf' in version `bold'
(Font)                  OT1/cmr/bx/n --> OT1/ptm/bx/n on input line 74.
LaTeX Font Info:    Redeclaring math alphabet \mathit on input line 75.
LaTeX Font Info:    Overwriting math alphabet `\mathit' in version `normal'
(Font)                  OT1/cmr/m/it --> OT1/ptm/m/it on input line 75.
LaTeX Font Info:    Overwriting math alphabet `\mathit' in version `bold'
(Font)                  OT1/cmr/bx/it --> OT1/ptm/m/it on input line 75.
)
("C:\Program Files\MiKTeX 2.9\tex\generic\babel\babel.sty"
Package: babel 2008/07/08 v3.8m The Babel package

*************************************
* Local config file bblopts.cfg used
*
("C:\Program Files\MiKTeX 2.9\tex\latex\00miktex\bblopts.cfg"
File: bblopts.cfg 2006/07/31 v1.0 MiKTeX 'babel' configuration
)
("C:\Program Files\MiKTeX 2.9\tex\generic\babel\portuges.ldf"
Language: portuges 2008/03/18 v1.2q Portuguese support from the babel system

("C:\Program Files\MiKTeX 2.9\tex\generic\babel\babel.def"
File: babel.def 2008/07/08 v3.8m Babel common definitions
\babel@savecnt=\count88
\U@D=\dimen103
)
Package babel Info: Making " an active character on input line 145.
)
("C:\Program Files\MiKTeX 2.9\tex\generic\babel\portuges.ldf"
Language: portuges 2008/03/18 v1.2q Portuguese support from the babel system
\l@brazil = a dialect from \language\l@portuges 
))
("C:\Program Files\MiKTeX 2.9\tex\latex\tools\indentfirst.sty"
Package: indentfirst 1995/11/23 v1.03 Indent first paragraph (DPC)
)
("C:\Program Files\MiKTeX 2.9\tex\latex\graphics\graphicx.sty"
Package: graphicx 1999/02/16 v1.0f Enhanced LaTeX Graphics (DPC,SPQR)

("C:\Program Files\MiKTeX 2.9\tex\latex\graphics\keyval.sty"
Package: keyval 1999/03/16 v1.13 key=value parser (DPC)
\KV@toks@=\toks16
)
("C:\Program Files\MiKTeX 2.9\tex\latex\graphics\graphics.sty"
Package: graphics 2009/02/05 v1.0o Standard LaTeX Graphics (DPC,SPQR)

("C:\Program Files\MiKTeX 2.9\tex\latex\graphics\trig.sty"
Package: trig 1999/03/16 v1.09 sin cos tan (DPC)
)
("C:\Program Files\MiKTeX 2.9\tex\latex\00miktex\graphics.cfg"
File: graphics.cfg 2007/01/18 v1.5 graphics configuration of teTeX/TeXLive
)
Package graphics Info: Driver file: pdftex.def on input line 91.

("C:\Program Files\MiKTeX 2.9\tex\latex\pdftex-def\pdftex.def"
File: pdftex.def 2011/05/27 v0.06d Graphics/color for pdfTeX

("C:\Program Files\MiKTeX 2.9\tex\generic\oberdiek\infwarerr.sty"
Package: infwarerr 2010/04/08 v1.3 Providing info/warning/error messages (HO)
)
("C:\Program Files\MiKTeX 2.9\tex\generic\oberdiek\ltxcmds.sty"
Package: ltxcmds 2011/11/09 v1.22 LaTeX kernel commands for general use (HO)
)
\Gread@gobject=\count89
))
\Gin@req@height=\dimen104
\Gin@req@width=\dimen105
)
("C:\Program Files\MiKTeX 2.9\tex\latex\nomencl\nomencl.sty"
Package: nomencl 2005/09/22 v4.2 Nomenclature package (LN)
\nomlabelwidth=\dimen106
\nom@tempdim=\dimen107
\nomitemsep=\skip47
)
("C:\Program Files\MiKTeX 2.9\tex\latex\amsmath\amsmath.sty"
Package: amsmath 2013/01/14 v2.14 AMS math features
\@mathmargin=\skip48

For additional information on amsmath, use the `?' option.
("C:\Program Files\MiKTeX 2.9\tex\latex\amsmath\amstext.sty"
Package: amstext 2000/06/29 v2.01

("C:\Program Files\MiKTeX 2.9\tex\latex\amsmath\amsgen.sty"
File: amsgen.sty 1999/11/30 v2.0
\@emptytoks=\toks17
\ex@=\dimen108
))
("C:\Program Files\MiKTeX 2.9\tex\latex\amsmath\amsbsy.sty"
Package: amsbsy 1999/11/29 v1.2d
\pmbraise@=\dimen109
)
("C:\Program Files\MiKTeX 2.9\tex\latex\amsmath\amsopn.sty"
Package: amsopn 1999/12/14 v2.01 operator names
)
\inf@bad=\count90
LaTeX Info: Redefining \frac on input line 210.
\uproot@=\count91
\leftroot@=\count92
LaTeX Info: Redefining \overline on input line 306.
\classnum@=\count93
\DOTSCASE@=\count94
LaTeX Info: Redefining \ldots on input line 378.
LaTeX Info: Redefining \dots on input line 381.
LaTeX Info: Redefining \cdots on input line 466.
\Mathstrutbox@=\box26
\strutbox@=\box27
\big@size=\dimen110
LaTeX Font Info:    Redeclaring font encoding OML on input line 566.
LaTeX Font Info:    Redeclaring font encoding OMS on input line 567.
\macc@depth=\count95
\c@MaxMatrixCols=\count96
\dotsspace@=\muskip10
\c@parentequation=\count97
\dspbrk@lvl=\count98
\tag@help=\toks18
\row@=\count99
\column@=\count100
\maxfields@=\count101
\andhelp@=\toks19
\eqnshift@=\dimen111
\alignsep@=\dimen112
\tagshift@=\dimen113
\tagwidth@=\dimen114
\totwidth@=\dimen115
\lineht@=\dimen116
\@envbody=\toks20
\multlinegap=\skip49
\multlinetaggap=\skip50
\mathdisplay@stack=\toks21
LaTeX Info: Redefining \[ on input line 2665.
LaTeX Info: Redefining \] on input line 2666.
)
("C:\Program Files\MiKTeX 2.9\tex\latex\tools\verbatim.sty"
Package: verbatim 2003/08/22 v1.5q LaTeX2e package for verbatim enhancements
\every@verbatim=\toks22
\verbatim@line=\toks23
\verbatim@in@stream=\read1
)
("C:\Program Files\MiKTeX 2.9\tex\latex\tools\tabularx.sty"
Package: tabularx 1999/01/07 v2.07 `tabularx' package (DPC)

("C:\Program Files\MiKTeX 2.9\tex\latex\tools\array.sty"
Package: array 2008/09/09 v2.4c Tabular extension package (FMi)
\col@sep=\dimen117
\extrarowheight=\dimen118
\NC@list=\toks24
\extratabsurround=\skip51
\backup@length=\skip52
)
\TX@col@width=\dimen119
\TX@old@table=\dimen120
\TX@old@col=\dimen121
\TX@target=\dimen122
\TX@delta=\dimen123
\TX@cols=\count102
\TX@ftn=\toks25
)
("C:\Program Files\MiKTeX 2.9\tex\latex\tools\afterpage.sty"
Package: afterpage 1995/10/27 v1.08 After-Page Package (DPC)
\AP@output=\toks26
\AP@partial=\box28
\AP@footins=\box29
)
("C:\Program Files\MiKTeX 2.9\tex\latex\ltxmisc\url.sty"
\Urlmuskip=\muskip11
Package: url 2006/04/12  ver 3.3  Verb mode for urls, etc.
)
(C:\Users\Victor\Dropbox\TCC\Texto\Latex\noitemsep.sty)
(C:\Users\Victor\Dropbox\TCC\Texto\Latex\harvard.sty
Package: harvard 

("C:\Program Files\MiKTeX 2.9\tex\latex\base\ifthen.sty"
Package: ifthen 2001/05/26 v1.1c Standard LaTeX ifthen package (DPC)
)
("C:\Program Files\MiKTeX 2.9\tex\latex\latex2html\html.sty"
("C:\Program Files\MiKTeX 2.9\tex\latex\hyperref\hyperref.sty"
Package: hyperref 2012/11/06 v6.83m Hypertext links for LaTeX

("C:\Program Files\MiKTeX 2.9\tex\generic\oberdiek\hobsub-hyperref.sty"
Package: hobsub-hyperref 2012/04/25 v1.12 Bundle oberdiek, subset hyperref (HO)


("C:\Program Files\MiKTeX 2.9\tex\generic\oberdiek\hobsub-generic.sty"
Package: hobsub-generic 2012/04/25 v1.12 Bundle oberdiek, subset generic (HO)
Package: hobsub 2012/04/25 v1.12 Construct package bundles (HO)
Package hobsub Info: Skipping package `infwarerr' (already loaded).
Package hobsub Info: Skipping package `ltxcmds' (already loaded).
Package: ifluatex 2010/03/01 v1.3 Provides the ifluatex switch (HO)
Package ifluatex Info: LuaTeX not detected.
Package: ifvtex 2010/03/01 v1.5 Detect VTeX and its facilities (HO)
Package ifvtex Info: VTeX not detected.
Package: intcalc 2007/09/27 v1.1 Expandable calculations with integers (HO)
Package: ifpdf 2011/01/30 v2.3 Provides the ifpdf switch (HO)
Package ifpdf Info: pdfTeX in PDF mode is detected.
Package: etexcmds 2011/02/16 v1.5 Avoid name clashes with e-TeX commands (HO)
Package etexcmds Info: Could not find \expanded.
(etexcmds)             That can mean that you are not using pdfTeX 1.50 or
(etexcmds)             that some package has redefined \expanded.
(etexcmds)             In the latter case, load this package earlier.
Package: kvsetkeys 2012/04/25 v1.16 Key value parser (HO)
Package: kvdefinekeys 2011/04/07 v1.3 Define keys (HO)
Package: pdftexcmds 2011/11/29 v0.20 Utility functions of pdfTeX for LuaTeX (HO
)
Package pdftexcmds Info: LuaTeX not detected.
Package pdftexcmds Info: \pdf@primitive is available.
Package pdftexcmds Info: \pdf@ifprimitive is available.
Package pdftexcmds Info: \pdfdraftmode found.
Package: pdfescape 2011/11/25 v1.13 Implements pdfTeX's escape features (HO)
Package: bigintcalc 2012/04/08 v1.3 Expandable calculations on big integers (HO
)
Package: bitset 2011/01/30 v1.1 Handle bit-vector datatype (HO)
Package: uniquecounter 2011/01/30 v1.2 Provide unlimited unique counter (HO)
)
Package hobsub Info: Skipping package `hobsub' (already loaded).
Package: letltxmacro 2010/09/02 v1.4 Let assignment for LaTeX macros (HO)
Package: hopatch 2011/06/24 v1.1 Wrapper for package hooks (HO)
Package: xcolor-patch 2011/01/30 xcolor patch
Package: atveryend 2011/06/30 v1.8 Hooks at the very end of document (HO)
Package atveryend Info: \AP@enddocument detected (standard20110627).
Package: atbegshi 2011/10/05 v1.16 At begin shipout hook (HO)
Package: refcount 2011/10/16 v3.4 Data extraction from label references (HO)
Package: hycolor 2011/01/30 v1.7 Color options for hyperref/bookmark (HO)
)
("C:\Program Files\MiKTeX 2.9\tex\generic\ifxetex\ifxetex.sty"
Package: ifxetex 2010/09/12 v0.6 Provides ifxetex conditional
)
("C:\Program Files\MiKTeX 2.9\tex\latex\oberdiek\auxhook.sty"
Package: auxhook 2011/03/04 v1.3 Hooks for auxiliary files (HO)
)
("C:\Program Files\MiKTeX 2.9\tex\latex\oberdiek\kvoptions.sty"
Package: kvoptions 2011/06/30 v3.11 Key value format for package options (HO)
)
\@linkdim=\dimen124
\Hy@linkcounter=\count103
\Hy@pagecounter=\count104

("C:\Program Files\MiKTeX 2.9\tex\latex\hyperref\pd1enc.def"
File: pd1enc.def 2012/11/06 v6.83m Hyperref: PDFDocEncoding definition (HO)
)
\Hy@SavedSpaceFactor=\count105

("C:\Program Files\MiKTeX 2.9\tex\latex\00miktex\hyperref.cfg"
File: hyperref.cfg 2002/06/06 v1.2 hyperref configuration of TeXLive
)
Package hyperref Info: Hyper figures OFF on input line 4443.
Package hyperref Info: Link nesting OFF on input line 4448.
Package hyperref Info: Hyper index ON on input line 4451.
Package hyperref Info: Plain pages OFF on input line 4458.
Package hyperref Info: Backreferencing OFF on input line 4463.
Package hyperref Info: Implicit mode ON; LaTeX internals redefined.
Package hyperref Info: Bookmarks ON on input line 4688.
\c@Hy@tempcnt=\count106
LaTeX Info: Redefining \url on input line 5041.
\XeTeXLinkMargin=\dimen125
\Fld@menulength=\count107
\Field@Width=\dimen126
\Fld@charsize=\dimen127
Package hyperref Info: Hyper figures OFF on input line 6295.
Package hyperref Info: Link nesting OFF on input line 6300.
Package hyperref Info: Hyper index ON on input line 6303.
Package hyperref Info: backreferencing OFF on input line 6310.
Package hyperref Info: Link coloring OFF on input line 6315.
Package hyperref Info: Link coloring with OCG OFF on input line 6320.
Package hyperref Info: PDF/A mode OFF on input line 6325.
LaTeX Info: Redefining \ref on input line 6365.
LaTeX Info: Redefining \pageref on input line 6369.
\Hy@abspage=\count108
\c@Item=\count109
\c@Hfootnote=\count110
)

Package hyperref Message: Driver (autodetected): hpdftex.

("C:\Program Files\MiKTeX 2.9\tex\latex\hyperref\hpdftex.def"
File: hpdftex.def 2012/11/06 v6.83m Hyperref driver for pdfTeX
\Fld@listcount=\count111
\c@bookmark@seq@number=\count112

("C:\Program Files\MiKTeX 2.9\tex\latex\oberdiek\rerunfilecheck.sty"
Package: rerunfilecheck 2011/04/15 v1.7 Rerun checks for auxiliary files (HO)
Package uniquecounter Info: New unique counter `rerunfilecheck' on input line 2
82.
)
\Hy@SectionHShift=\skip53
)
Package: html 1999/07/19 v1.38 hypertext commands for latex2html (nd, hws, rrm)

\c@lpart=\count113
\c@lchapter=\count114
\c@lsection=\count115
\c@lsubsection=\count116
\c@lsubsubsection=\count117
\c@lparagraph=\count118
\c@lsubparagraph=\count119
\c@lsubsubparagraph=\count120
\ptrfile=\write3
))
("C:\Program Files\MiKTeX 2.9\tex\latex\graphics\color.sty"
Package: color 2005/11/14 v1.0j Standard LaTeX Color (DPC)

("C:\Program Files\MiKTeX 2.9\tex\latex\00miktex\color.cfg"
File: color.cfg 2007/01/18 v1.5 color configuration of teTeX/TeXLive
)
Package color Info: Driver file: pdftex.def on input line 130.
)
("C:\Program Files\MiKTeX 2.9\tex\latex\multirow\multirow.sty"
\bigstrutjot=\dimen128
)
("C:\Program Files\MiKTeX 2.9\tex\latex\listings\listings.sty"
\lst@mode=\count121
\lst@gtempboxa=\box30
\lst@token=\toks27
\lst@length=\count122
\lst@currlwidth=\dimen129
\lst@column=\count123
\lst@pos=\count124
\lst@lostspace=\dimen130
\lst@width=\dimen131
\lst@newlines=\count125
\lst@lineno=\count126
\lst@maxwidth=\dimen132

("C:\Program Files\MiKTeX 2.9\tex\latex\listings\lstmisc.sty"
File: lstmisc.sty 2007/02/22 1.4 (Carsten Heinz)
\c@lstnumber=\count127
\lst@skipnumbers=\count128
\lst@framebox=\box31
)
("C:\Program Files\MiKTeX 2.9\tex\latex\listings\listings.cfg"
File: listings.cfg 2007/02/22 1.4 listings configuration
))
Package: listings 2007/02/22 1.4 (Carsten Heinz)

(C:\Users\Victor\Dropbox\TCC\Texto\Latex\capitulos.sty
Package: capitulos 1997/10/06 Chapter headers a la Bjarne Stroustrup
)
("C:\Program Files\MiKTeX 2.9\tex\latex\subfigure\subfigure.sty"
Package: subfigure 2002/07/30 v2.1.4 subfigure package
\subfigtopskip=\skip54
\subfigcapskip=\skip55
\subfigcaptopadj=\dimen133
\subfigbottomskip=\skip56
\subfigcapmargin=\dimen134
\subfiglabelskip=\skip57
\c@subfigure=\count129
\c@lofdepth=\count130
\c@subtable=\count131
\c@lotdepth=\count132

****************************************
* Local config file subfigure.cfg used *
****************************************
("C:\Program Files\MiKTeX 2.9\tex\latex\subfigure\subfigure.cfg")
\subfig@top=\skip58
\subfig@bottom=\skip59
)
(C:\Users\Victor\Dropbox\TCC\Texto\Latex\comandos.tex)
\@glossaryfile=\write4

Writing glossary file principal.glo 
(C:\Users\Victor\Dropbox\TCC\Texto\Latex\principal.aux
(C:\Users\Victor\Dropbox\TCC\Texto\Latex\rosto.aux)
(C:\Users\Victor\Dropbox\TCC\Texto\Latex\preambulo.aux)
(C:\Users\Victor\Dropbox\TCC\Texto\Latex\resumos.aux)
(C:\Users\Victor\Dropbox\TCC\Texto\Latex\capitulo1/introducao.aux)
(C:\Users\Victor\Dropbox\TCC\Texto\Latex\capitulo2/arquiteturaSoftware.aux)
(C:\Users\Victor\Dropbox\TCC\Texto\Latex\capitulo3/arquiteturaControle.aux)
(C:\Users\Victor\Dropbox\TCC\Texto\Latex\capitulo4/descricaoPlanta.aux)
(C:\Users\Victor\Dropbox\TCC\Texto\Latex\capitulo5/webLab.aux)
(C:\Users\Victor\Dropbox\TCC\Texto\Latex\conclusao/conclusao.aux)
(C:\Users\Victor\Dropbox\TCC\Texto\Latex\apendice/apendice.aux))
LaTeX Font Info:    Checking defaults for OML/cmm/m/it on input line 200.
LaTeX Font Info:    ... okay on input line 200.
LaTeX Font Info:    Checking defaults for T1/cmr/m/n on input line 200.
LaTeX Font Info:    ... okay on input line 200.
LaTeX Font Info:    Checking defaults for OT1/cmr/m/n on input line 200.
LaTeX Font Info:    ... okay on input line 200.
LaTeX Font Info:    Checking defaults for OMS/pzccm/m/n on input line 200.
LaTeX Font Info:    Try loading font information for OMS+pzccm on input line 20
0.

("C:\Program Files\MiKTeX 2.9\tex\latex\psnfss\omspzccm.fd"
File: omspzccm.fd 2000/01/03 Fontinst v1.801 font definitions for OMS/pzccm.
)
LaTeX Font Info:    ... okay on input line 200.
LaTeX Font Info:    Checking defaults for OMX/cmex/m/n on input line 200.
LaTeX Font Info:    ... okay on input line 200.
LaTeX Font Info:    Checking defaults for U/cmr/m/n on input line 200.
LaTeX Font Info:    ... okay on input line 200.
LaTeX Font Info:    Checking defaults for PD1/pdf/m/n on input line 200.
LaTeX Font Info:    ... okay on input line 200.

("C:\Program Files\MiKTeX 2.9\tex\context\base\supp-pdf.mkii"
[Loading MPS to PDF converter (version 2006.09.02).]
\scratchcounter=\count133
\scratchdimen=\dimen135
\scratchbox=\box32
\nofMPsegments=\count134
\nofMParguments=\count135
\everyMPshowfont=\toks28
\MPscratchCnt=\count136
\MPscratchDim=\dimen136
\MPnumerator=\count137
\makeMPintoPDFobject=\count138
\everyMPtoPDFconversion=\toks29
)
\AtBeginShipoutBox=\box33
Package hyperref Info: Link coloring OFF on input line 200.
 ("C:\Program Files\MiKTeX 2.9\tex\latex\hyperref\nameref.sty"
Package: nameref 2012/10/27 v2.43 Cross-referencing by name of section

("C:\Program Files\MiKTeX 2.9\tex\generic\oberdiek\gettitlestring.sty"
Package: gettitlestring 2010/12/03 v1.4 Cleanup title references (HO)
)
\c@section@level=\count139
)
LaTeX Info: Redefining \ref on input line 200.
LaTeX Info: Redefining \pageref on input line 200.
LaTeX Info: Redefining \nameref on input line 200.

(C:\Users\Victor\Dropbox\TCC\Texto\Latex\principal.out)
(C:\Users\Victor\Dropbox\TCC\Texto\Latex\principal.out)
\@outlinefile=\write5
Package hyperref Info: *** compatibility with harvard ****  on input line 200.
\c@lstlisting=\count140

(C:\Users\Victor\Dropbox\TCC\Texto\Latex\rosto.tex
("C:\Program Files\MiKTeX 2.9\tex\latex\psnfss\ot1ptmcm.fd")
("C:\Program Files\MiKTeX 2.9\tex\latex\psnfss\omlptmcm.fd")
("C:\Program Files\MiKTeX 2.9\tex\latex\psnfss\omxpsycm.fd")
<LogoUFRN.jpg, id=206, 49.6254pt x 57.3342pt> <use LogoUFRN.jpg>
<use LogoUFRN.jpg>
File: LogoUFRN.jpg Graphic file (type jpg)
 <use LogoUFRN.jpg>
Package pdftex.def Info: LogoUFRN.jpg used on input line 27.
(pdftex.def)             Requested size: 85.35826pt x 98.61812pt.
LaTeX Font Info:    Font shape `T1/ptm/bx/n' in size <20.74> not available
(Font)              Font shape `T1/ptm/b/n' tried instead on input line 37.
LaTeX Font Info:    Font shape `T1/ptm/bx/n' in size <17.28> not available
(Font)              Font shape `T1/ptm/b/n' tried instead on input line 43.
 [1



{C:/ProgramData/MiKTeX/2.9/pdftex/config/pdftex.map} <C:/Users/Victor/Dropbox/T
CC/Texto/Latex/LogoUFRN.jpg>])
(C:\Users\Victor\Dropbox\TCC\Texto\Latex\preambulo.tex
LaTeX Font Info:    Font shape `T1/ptm/bx/n' in size <12> not available
(Font)              Font shape `T1/ptm/b/n' tried instead on input line 35.
LaTeX Font Info:    Font shape `OT1/ptm/bx/n' in size <12> not available
(Font)              Font shape `OT1/ptm/b/n' tried instead on input line 35.
LaTeX Font Info:    Font shape `OT1/ptm/bx/n' in size <9> not available
(Font)              Font shape `OT1/ptm/b/n' tried instead on input line 35.
LaTeX Font Info:    Font shape `OT1/ptm/bx/n' in size <7> not available
(Font)              Font shape `OT1/ptm/b/n' tried instead on input line 35.
pdfTeX warning (ext4): destination with the same identifier (name{page.1}) has 
been already used, duplicate ignored
<to be read again> 
                   \relax 
l.46 \end{titlepage}
                     [1



]pdfTeX warning (ext4): destination with the same identifier (name{page.1}) has
 been already used, duplicate ignored
<to be read again> 
                   \relax 
l.74 \end{titlepage}
                     [1

]
LaTeX Font Info:    Font shape `T1/ptm/bx/n' in size <24.88> not available
(Font)              Font shape `T1/ptm/b/n' tried instead on input line 84.
pdfTeX warning (ext4): destination with the same identifier (name{page.1}) has 
been already used, duplicate ignored
<to be read again> 
                   \relax 
l.99 \newpage
              [1

]) [2] (C:\Users\Victor\Dropbox\TCC\Texto\Latex\resumos.tex
[3



]) [4

] (C:\Users\Victor\Dropbox\TCC\Texto\Latex\principal.toc [1



])
\tf@toc=\write6
 [2]
(C:\Users\Victor\Dropbox\TCC\Texto\Latex\principal.lof)
\tf@lof=\write7
 [3


]
(C:\Users\Victor\Dropbox\TCC\Texto\Latex\capitulo1/introducao.tex
Cap\'{\i }tulo 1.
<arquitetura.PNG, id=337, 499.11469pt x 123.46124pt>
File: arquitetura.PNG Graphic file (type png)
 <use arquitetura.PNG>
Package pdftex.def Info: arquitetura.PNG used on input line 12.
(pdftex.def)             Requested size: 399.29228pt x 98.7691pt.


LaTeX Warning: `h' float specifier changed to `ht'.

pdfTeX warning (ext4): destination with the same identifier (name{page.1}) has 
been already used, duplicate ignored
<to be read again> 
                   \relax 
l.20 
      [1



]
LaTeX Font Info:    Font shape `OMS/ptm/m/n' in size <12> not available
(Font)              Font shape `OMS/pzccm/m/n' tried instead on input line 24.
)pdfTeX warning (ext4): destination with the same identifier (name{page.2}) has
 been already used, duplicate ignored
<to be read again> 
                   \relax 
l.278 \include{capitulo1/introducao}
                                     [2 <C:/Users/Victor/Dropbox/TCC/Texto/Late
x/arquitetura.PNG>]pdfTeX warning (ext4): destination with the same identifier 
(name{page.3}) has been already used, duplicate ignored
<to be read again> 
                   \relax 
l.278 \include{capitulo1/introducao}
                                     [3]
(C:\Users\Victor\Dropbox\TCC\Texto\Latex\capitulo2/arquiteturaSoftware.tex
Cap\'{\i }tulo 2.
LaTeX Font Info:    Font shape `OT1/ptm/bx/n' in size <10> not available
(Font)              Font shape `OT1/ptm/b/n' tried instead on input line 15.
LaTeX Font Info:    Font shape `OT1/ptm/bx/n' in size <7.4> not available
(Font)              Font shape `OT1/ptm/b/n' tried instead on input line 15.
LaTeX Font Info:    Font shape `T1/ptm/bx/n' in size <14.4> not available
(Font)              Font shape `T1/ptm/b/n' tried instead on input line 17.
pdfTeX warning (ext4): destination with the same identifier (name{page.4}) has 
been already used, duplicate ignored
<to be read again> 
                   \relax 
l.21 
      [4



] [5]
Overfull \hbox (4.15648pt too wide) in paragraph at lines 50--51
[]\T1/ptm/m/n/12 O Post-greSQL é um po-de-roso sis-tema ge-ren-ci-a-dor de banc
o de da-dos objeto-relacional,
 []

[6] <layersDefault.png, id=374, 145.29282pt x 264.99pt>
File: layersDefault.png Graphic file (type png)

<use layersDefault.png>
Package pdftex.def Info: layersDefault.png used on input line 68.
(pdftex.def)             Requested size: 72.64622pt x 132.49467pt.
 <layersModified.png, id=376, 182.18062pt x 264.99pt>
File: layersModified.png Graphic file (type png)

<use layersModified.png>
Package pdftex.def Info: layersModified.png used on input line 81.
(pdftex.def)             Requested size: 91.09007pt x 132.49467pt.


LaTeX Warning: `h' float specifier changed to `ht'.

[7 <C:/Users/Victor/Dropbox/TCC/Texto/Latex/layersDefault.png>]
LaTeX Font Info:    Font shape `T1/ptm/bx/it' in size <14.4> not available
(Font)              Font shape `T1/ptm/b/it' tried instead on input line 98.
LaTeX Font Info:    Font shape `T1/ptm/bx/it' in size <12> not available
(Font)              Font shape `T1/ptm/b/it' tried instead on input line 101.

<mvc.png, id=383, 278.54062pt x 112.92188pt>
File: mvc.png Graphic file (type png)
 <use mvc.png>
Package pdftex.def Info: mvc.png used on input line 108.
(pdftex.def)             Requested size: 278.53993pt x 112.92159pt.


LaTeX Warning: `!h' float specifier changed to `!ht'.

[8 <C:/Users/Victor/Dropbox/TCC/Texto/Latex/layersModified.png>]
<diagramaClasses.png, id=393, 925.20656pt x 892.83563pt>
File: diagramaClasses.png Graphic file (type png)

<use diagramaClasses.png>
Package pdftex.def Info: diagramaClasses.png used on input line 131.
(pdftex.def)             Requested size: 462.60214pt x 446.41672pt.

Overfull \hbox (35.8108pt too wide) in paragraph at lines 131--133
 [] 
 []

[9 <C:/Users/Victor/Dropbox/TCC/Texto/Latex/mvc.png>] [10 <C:/Users/Victor/Drop
box/TCC/Texto/Latex/diagramaClasses.png>] [11]
<login.png, id=423, 900.36375pt x 602.25pt>
File: login.png Graphic file (type png)
 <use login.png>
Package pdftex.def Info: login.png used on input line 187.
(pdftex.def)             Requested size: 405.15994pt x 271.01pt.
 [12]
("C:\Program Files\MiKTeX 2.9\tex\latex\listings\lstlang1.sty"
File: lstlang1.sty 2004/09/05 1.3 listings language file
)
("C:\Program Files\MiKTeX 2.9\tex\latex\listings\lstmisc.sty"
File: lstmisc.sty 2007/02/22 1.4 (Carsten Heinz)
)
Package hyperref Info: bookmark level for unknown lstlisting defaults to 0 on i
nput line 195.
 [13 <C:/Users/Victor/Dropbox/TCC/Texto/Latex/login.png>]
LaTeX Font Info:    Font shape `T1/ptm/bx/n' in size <10> not available
(Font)              Font shape `T1/ptm/b/n' tried instead on input line 218.

<acessoNegado.png, id=447, 900.36375pt x 602.25pt>
File: acessoNegado.png Graphic file (type png)
 <use acessoNegado.png>
Package pdftex.def Info: acessoNegado.png used on input line 231.
(pdftex.def)             Requested size: 405.15994pt x 271.01pt.


LaTeX Warning: `!h' float specifier changed to `!ht'.

[14] [15 <C:/Users/Victor/Dropbox/TCC/Texto/Latex/acessoNegado.png>]
<ERDiagram.png, id=477, 716.6775pt x 545.78906pt>
File: ERDiagram.png Graphic file (type png)
 <use ERDiagram.png>
Package pdftex.def Info: ERDiagram.png used on input line 273.
(pdftex.def)             Requested size: 430.00983pt x 327.47595pt.

Overfull \hbox (3.21849pt too wide) in paragraph at lines 273--275
 [] 
 []

) [16 <C:/Users/Victor/Dropbox/TCC/Texto/Latex/ERDiagram.png>]
(C:\Users\Victor\Dropbox\TCC\Texto\Latex\capitulo3/arquiteturaControle.tex
Cap\'{\i }tulo 3.
[17



] [18] [19]) [20] [21]
(C:\Users\Victor\Dropbox\TCC\Texto\Latex\capitulo4/descricaoPlanta.tex
Cap\'{\i }tulo 4.
<planta.png, id=536, 167.87718pt x 375.65344pt>
File: planta.png Graphic file (type png)
 <use planta.png>
Package pdftex.def Info: planta.png used on input line 9.
(pdftex.def)             Requested size: 100.72708pt x 225.3938pt.
 [22



 <C:/Users/Victor/Dropbox/TCC/Texto/Latex/planta.png>]
<configTanques.png, id=542, 712.91344pt x 243.15843pt>
File: configTanques.png Graphic file (type png)
 <use configTanques.png>
Package pdftex.def Info: configTanques.png used on input line 20.
(pdftex.def)             Requested size: 356.45584pt x 121.57892pt.

<esquemaComunicacao.png, id=543, 557.83406pt x 215.30438pt>
File: esquemaComunicacao.png Graphic file (type png)

<use esquemaComunicacao.png>
Package pdftex.def Info: esquemaComunicacao.png used on input line 32.
(pdftex.def)             Requested size: 446.26784pt x 172.24373pt.

Overfull \hbox (19.4765pt too wide) in paragraph at lines 32--34
 [] 
 []

[23 <C:/Users/Victor/Dropbox/TCC/Texto/Latex/configTanques.png> <C:/Users/Victo
r/Dropbox/TCC/Texto/Latex/esquemaComunicacao.png>]) [24]
(C:\Users\Victor\Dropbox\TCC\Texto\Latex\capitulo5/webLab.tex
Cap\'{\i }tulo 5.
<cadastraExperimento.png, id=559, 963.6pt x 602.25pt>
File: cadastraExperimento.png Graphic file (type png)

<use cadastraExperimento.png>
Package pdftex.def Info: cadastraExperimento.png used on input line 15.
(pdftex.def)             Requested size: 433.616pt x 271.01pt.

Overfull \hbox (6.82466pt too wide) in paragraph at lines 15--16
 [] 
 []


LaTeX Warning: `!h' float specifier changed to `!ht'.

[25



] <execucaoExperimento.png, id=564, 963.6pt x 602.25pt>
File: execucaoExperimento.png Graphic file (type png)

<use execucaoExperimento.png>
Package pdftex.def Info: execucaoExperimento.png used on input line 32.
(pdftex.def)             Requested size: 433.616pt x 271.01pt.

Overfull \hbox (6.82466pt too wide) in paragraph at lines 32--33
 [] 
 []


LaTeX Warning: `!h' float specifier changed to `!ht'.

<resultados.png, id=567, 1284.8pt x 803.0pt>
File: resultados.png Graphic file (type png)
 <use resultados.png>
Package pdftex.def Info: resultados.png used on input line 44.
(pdftex.def)             Requested size: 417.55505pt x 260.97191pt.


LaTeX Warning: `!h' float specifier changed to `!ht'.

[26 <C:/Users/Victor/Dropbox/TCC/Texto/Latex/cadastraExperimento.png>]

LaTeX Warning: Text page 27 contains only floats.

[27 <C:/Users/Victor/Dropbox/TCC/Texto/Latex/execucaoExperimento.png> <C:/Users
/Victor/Dropbox/TCC/Texto/Latex/resultados.png>]
<cadastraUsuario.jpg, id=578, 916.92563pt x 602.25pt>
File: cadastraUsuario.jpg Graphic file (type jpg)

<use cadastraUsuario.jpg>
Package pdftex.def Info: cadastraUsuario.jpg used on input line 56.
(pdftex.def)             Requested size: 412.61273pt x 271.01pt.
 <listaUsuarios.png, id=580, 916.1728pt x 602.25pt>
File: listaUsuarios.png Graphic file (type png)

<use listaUsuarios.png>
Package pdftex.def Info: listaUsuarios.png used on input line 66.
(pdftex.def)             Requested size: 412.27396pt x 271.01pt.
) [28 <C:/Users/Victor/Dropbox/TCC/Texto/Latex/cadastraUsuario.jpg>] [29 <C:/Us
ers/Victor/Dropbox/TCC/Texto/Latex/listaUsuarios.png>]
(C:\Users\Victor\Dropbox\TCC\Texto\Latex\conclusao/conclusao.tex
Cap\'{\i }tulo 6.
[30



]
Overfull \hbox (0.65646pt too wide) in paragraph at lines 22--23
\T1/ptm/m/n/12 dindo que es-ses re-ser-vem no-vos ho-rá-rios du-rante um de-ter
-mi-nado pe-ríodo de tempo.
 []

[31]) [32] (C:\Users\Victor\Dropbox\TCC\Texto\Latex\principal.bbl) [33


]
(C:\Users\Victor\Dropbox\TCC\Texto\Latex\apendice/apendice.tex
Ap\^endice A.
("C:\Program Files\MiKTeX 2.9\tex\latex\listings\lstlang1.sty"
File: lstlang1.sty 2004/09/05 1.3 listings language file
) [34


] [35])
[36]
Package atveryend Info: Empty hook `BeforeClearDocument' on input line 309.
Package atveryend Info: Empty hook `AfterLastShipout' on input line 309.
 (C:\Users\Victor\Dropbox\TCC\Texto\Latex\principal.aux
(C:\Users\Victor\Dropbox\TCC\Texto\Latex\rosto.aux)
(C:\Users\Victor\Dropbox\TCC\Texto\Latex\preambulo.aux)
(C:\Users\Victor\Dropbox\TCC\Texto\Latex\resumos.aux)
(C:\Users\Victor\Dropbox\TCC\Texto\Latex\capitulo1/introducao.aux)
(C:\Users\Victor\Dropbox\TCC\Texto\Latex\capitulo2/arquiteturaSoftware.aux)
(C:\Users\Victor\Dropbox\TCC\Texto\Latex\capitulo3/arquiteturaControle.aux)
(C:\Users\Victor\Dropbox\TCC\Texto\Latex\capitulo4/descricaoPlanta.aux)
(C:\Users\Victor\Dropbox\TCC\Texto\Latex\capitulo5/webLab.aux)
(C:\Users\Victor\Dropbox\TCC\Texto\Latex\conclusao/conclusao.aux)
(C:\Users\Victor\Dropbox\TCC\Texto\Latex\apendice/apendice.aux))
Package atveryend Info: Executing hook `AtVeryEndDocument' on input line 309.
Package atveryend Info: Executing hook `AtEndAfterFileList' on input line 309.
Package rerunfilecheck Info: File `principal.out' has not changed.
(rerunfilecheck)             Checksum: 8EB4AE1173E2B8DFCEE59F0118861B3C;3499.


LaTeX Warning: Label(s) may have changed. Rerun to get cross-references right.

Package atveryend Info: Empty hook `AtVeryVeryEnd' on input line 309.
 ) 
Here is how much of TeX's memory you used:
 9802 strings out of 493921
 140492 string characters out of 3147280
 281099 words of memory out of 3000000
 12550 multiletter control sequences out of 15000+200000
 112503 words of font info for 135 fonts, out of 3000000 for 9000
 842 hyphenation exceptions out of 8191
 44i,12n,51p,933b,1917s stack positions out of 5000i,500n,10000p,200000b,50000s
{C:/Program Files/MiKTeX 2.9/fonts/enc/dvips/fontname/8r.enc}<C:/Program File
s/MiKTeX 2.9/fonts/type1/public/amsfonts/cm/cmex10.pfb><C:/Program Files/MiKTeX
 2.9/fonts/type1/public/amsfonts/cmextra/cmex9.pfb><C:/Program Files/MiKTeX 2.9
/fonts/type1/public/amsfonts/cm/cmmi10.pfb><C:/Program Files/MiKTeX 2.9/fonts/t
ype1/public/amsfonts/cm/cmr10.pfb><C:/Program Files/MiKTeX 2.9/fonts/type1/publ
ic/amsfonts/cm/cmsy10.pfb><C:/Program Files/MiKTeX 2.9/fonts/type1/urw/courier/
ucrr8a.pfb><C:/Program Files/MiKTeX 2.9/fonts/type1/urw/helvetic/uhvr8a.pfb><C:
/Program Files/MiKTeX 2.9/fonts/type1/urw/symbol/usyr.pfb><C:/Program Files/MiK
TeX 2.9/fonts/type1/urw/times/utmb8a.pfb><C:/Program Files/MiKTeX 2.9/fonts/typ
e1/urw/times/utmbi8a.pfb><C:/Program Files/MiKTeX 2.9/fonts/type1/urw/times/utm
r8a.pfb><C:/Program Files/MiKTeX 2.9/fonts/type1/urw/times/utmr8a.pfb><C:/Progr
am Files/MiKTeX 2.9/fonts/type1/urw/times/utmri8a.pfb>
Output written on principal.pdf (46 pages, 1101281 bytes).
PDF statistics:
 773 PDF objects out of 1000 (max. 8388607)
 236 named destinations out of 1000 (max. 500000)
 494 words of extra memory for PDF output out of 10000 (max. 10000000)

