\BOOKMARK [0][-]{chapter*.3}{Sum\341rio}{}% 1
\BOOKMARK [0][-]{chapter*.4}{Lista de Figuras}{}% 2
\BOOKMARK [0][-]{chapter.1}{Introdu\347\343o}{}% 3
\BOOKMARK [1][-]{section.1.1}{Objetivos}{chapter.1}% 4
\BOOKMARK [1][-]{section.1.2}{Estrutura do documento}{chapter.1}% 5
\BOOKMARK [0][-]{chapter.2}{Arquitetura de Software}{}% 6
\BOOKMARK [1][-]{section.2.1}{Decis\365es de projeto}{chapter.2}% 7
\BOOKMARK [2][-]{subsection.2.1.1}{Java Web}{section.2.1}% 8
\BOOKMARK [1][-]{section.2.2}{Tecnologias utilizadas}{chapter.2}% 9
\BOOKMARK [2][-]{subsection.2.2.1}{Tomcat 7.0}{section.2.2}% 10
\BOOKMARK [2][-]{subsection.2.2.2}{Java Server Faces 2.1}{section.2.2}% 11
\BOOKMARK [2][-]{subsection.2.2.3}{Primefaces 3.4}{section.2.2}% 12
\BOOKMARK [2][-]{subsection.2.2.4}{Spring 3.1}{section.2.2}% 13
\BOOKMARK [2][-]{subsection.2.2.5}{Spring Security}{section.2.2}% 14
\BOOKMARK [2][-]{subsection.2.2.6}{PostgreSQL 9.2}{section.2.2}% 15
\BOOKMARK [2][-]{subsection.2.2.7}{Hibernate 4.1}{section.2.2}% 16
\BOOKMARK [1][-]{section.2.3}{Divis\343o em camadas}{chapter.2}% 17
\BOOKMARK [2][-]{subsection.2.3.1}{Principais classes}{section.2.3}% 18
\BOOKMARK [1][-]{section.2.4}{Controle de acesso}{chapter.2}% 19
\BOOKMARK [1][-]{section.2.5}{O banco de dados}{chapter.2}% 20
\BOOKMARK [2][-]{subsection.2.5.1}{Configura\347\343o do data source}{section.2.5}% 21
\BOOKMARK [0][-]{chapter.3}{Arquitetura de Controle}{}% 22
\BOOKMARK [1][-]{section.3.1}{Sistema em malha aberta}{chapter.3}% 23
\BOOKMARK [1][-]{section.3.2}{Controladores}{chapter.3}% 24
\BOOKMARK [2][-]{subsection.3.2.1}{Controladores PID}{section.3.2}% 25
\BOOKMARK [0][-]{chapter.4}{Descri\347\343o da Planta}{}% 26
\BOOKMARK [1][-]{section.4.1}{Descri\347\343o da planta}{chapter.4}% 27
\BOOKMARK [1][-]{section.4.2}{Esquema de conex\343o}{chapter.4}% 28
\BOOKMARK [0][-]{chapter.5}{O WebLab}{}% 29
\BOOKMARK [1][-]{section.5.1}{Experimentos}{chapter.5}% 30
\BOOKMARK [2][-]{subsection.5.1.1}{Cadastro}{section.5.1}% 31
\BOOKMARK [2][-]{subsection.5.1.2}{Listagem}{section.5.1}% 32
\BOOKMARK [2][-]{subsection.5.1.3}{Exclus\343o}{section.5.1}% 33
\BOOKMARK [2][-]{subsection.5.1.4}{Execu\347\343o}{section.5.1}% 34
\BOOKMARK [2][-]{subsection.5.1.5}{Visualiza\347\343o de resultados}{section.5.1}% 35
\BOOKMARK [1][-]{section.5.2}{Usu\341rios}{chapter.5}% 36
\BOOKMARK [2][-]{subsection.5.2.1}{Cadastro}{section.5.2}% 37
\BOOKMARK [2][-]{subsection.5.2.2}{Listagem}{section.5.2}% 38
\BOOKMARK [0][-]{chapter.6}{Conclus\343o}{}% 39
\BOOKMARK [1][-]{section.6.1}{Dificuldades encontradas}{chapter.6}% 40
\BOOKMARK [1][-]{section.6.2}{Trabalhos futuros}{chapter.6}% 41
\BOOKMARK [2][-]{subsection.6.2.1}{Aprimoramento do supervis\363rio}{section.6.2}% 42
\BOOKMARK [2][-]{subsection.6.2.2}{Diferentes t\351cnicas de agendamento}{section.6.2}% 43
\BOOKMARK [2][-]{subsection.6.2.3}{An\341lise de resultados}{section.6.2}% 44
\BOOKMARK [2][-]{subsection.6.2.4}{Aprimoramento do hardware e do esquema de conex\343o}{section.6.2}% 45
\BOOKMARK [2][-]{subsection.6.2.5}{Calibra\347\343o autom\341tica dos sensores}{section.6.2}% 46
\BOOKMARK [2][-]{subsection.6.2.6}{Upload de sinais de controle}{section.6.2}% 47
\BOOKMARK [0][-]{subsection.6.2.6}{Refer\352ncias bibliogr\341ficas}{}% 48
\BOOKMARK [0][-]{appendix.A}{Cria\347\343o de novas classes}{}% 49
\BOOKMARK [1][-]{section.A.1}{Managed Beans}{appendix.A}% 50
\BOOKMARK [1][-]{section.A.2}{Objetos persistentes e DAO's}{appendix.A}% 51
